<?xml version="1.0" encoding="UTF-8"?>
<testsuites name="busqueda" time="40.262" tests="1" failures="1" errors="0">
   <testsuite name="busqueda" tests="1" failures="1" errors="0" time="40.262" timestamp="2020-10-28 10:55:03" hostname="javier - debian" id="Test Suites/busqueda">
      <properties>
         <property name="deviceName" value=""/>
         <property name="devicePlatform" value=""/>
         <property name="logFolder" value="/home/javier/git/pruebaconcepto/Reports/20201028_105502/busqueda/20201028_105502"/>
         <property name="logFiles" value="/home/javier/git/pruebaconcepto/Reports/20201028_105502/busqueda/20201028_105502/execution0.log"/>
         <property name="attachments" value="/home/javier/git/pruebaconcepto/Reports/20201028_105502/busqueda/20201028_105502/1603904143467.png"/>
         <property name="hostName" value="javier - debian"/>
         <property name="os" value="Linux 64bit"/>
         <property name="katalonVersion" value="7.7.2.205"/>
         <property name="browser" value="Chrome 85.0.4183.83"/>
         <property name="hostAddress" value="127.0.1.1"/>
         <property name="sessionId" value="fffcef3a1b93ddb0b02fd8d4a6c6cf57"/>
         <property name="seleniumVersion" value="3.141.59"/>
         <property name="proxyInformation" value="ProxyInformation { proxyOption=NO_PROXY, proxyServerType=HTTP, username=, password=********, proxyServerAddress=, proxyServerPort=0, executionList=&quot;&quot;, isApplyToDesiredCapabilities=true }"/>
         <property name="platform" value="Linux"/>
      </properties>
      <testcase name="Test Cases/busqueda" time="39.745" classname="Test Cases/busqueda" status="FAILED">
         <failure type="FAILED" message="Test Cases/busqueda FAILED.
Reason:
com.kms.katalon.core.exception.StepFailedException: Unable to click on object 'Object Repository/busqueda/Page_Search royal-canin  Petco Mexico/img_Califica este producto_lazy-grid img-re_ad3551'
	at com.kms.katalon.core.webui.keyword.internal.WebUIKeywordMain.stepFailed(WebUIKeywordMain.groovy:64)
	at com.kms.katalon.core.webui.keyword.internal.WebUIKeywordMain.runKeyword(WebUIKeywordMain.groovy:26)
	at com.kms.katalon.core.webui.keyword.builtin.ClickKeyword.click(ClickKeyword.groovy:76)
	at com.kms.katalon.core.webui.keyword.builtin.ClickKeyword.execute(ClickKeyword.groovy:43)
	at com.kms.katalon.core.keyword.internal.KeywordExecutor.executeKeywordForPlatform(KeywordExecutor.groovy:73)
	at com.kms.katalon.core.webui.keyword.WebUiBuiltInKeywords.click(WebUiBuiltInKeywords.groovy:617)
	at com.kms.katalon.core.webui.keyword.WebUiBuiltInKeywords$click$3.call(Unknown Source)
	at busqueda.run(busqueda:36)
	at com.kms.katalon.core.main.ScriptEngine.run(ScriptEngine.java:194)
	at com.kms.katalon.core.main.ScriptEngine.runScriptAsRawText(ScriptEngine.java:119)
	at com.kms.katalon.core.main.TestCaseExecutor.runScript(TestCaseExecutor.java:339)
	at com.kms.katalon.core.main.TestCaseExecutor.doExecute(TestCaseExecutor.java:330)
	at com.kms.katalon.core.main.TestCaseExecutor.processExecutionPhase(TestCaseExecutor.java:309)
	at com.kms.katalon.core.main.TestCaseExecutor.accessMainPhase(TestCaseExecutor.java:301)
	at com.kms.katalon.core.main.TestCaseExecutor.execute(TestCaseExecutor.java:235)
	at com.kms.katalon.core.main.TestSuiteExecutor.accessTestCaseMainPhase(TestSuiteExecutor.java:191)
	at com.kms.katalon.core.main.TestSuiteExecutor.accessTestSuiteMainPhase(TestSuiteExecutor.java:141)
	at com.kms.katalon.core.main.TestSuiteExecutor.execute(TestSuiteExecutor.java:90)
	at com.kms.katalon.core.main.TestCaseMain.startTestSuite(TestCaseMain.java:157)
	at com.kms.katalon.core.main.TestCaseMain$startTestSuite$0.call(Unknown Source)
	at TempTestSuite1603904102071.run(TempTestSuite1603904102071.groovy:39)
Caused by: com.kms.katalon.core.webui.exception.WebElementNotFoundException: Web element with id: 'Object Repository/busqueda/Page_Search royal-canin  Petco Mexico/img_Califica este producto_lazy-grid img-re_ad3551' located by '(//img[@alt='Royal Canin Maxi Dermacomfort    15.88 kg'])[3]' not found
	at com.kms.katalon.core.webui.common.WebUiCommonHelper.findWebElement(WebUiCommonHelper.java:1368)
	at com.kms.katalon.core.webui.keyword.internal.WebUIAbstractKeyword.findWebElement(WebUIAbstractKeyword.groovy:27)
	at com.kms.katalon.core.webui.keyword.internal.WebUIAbstractKeyword.findWebElement(WebUIAbstractKeyword.groovy:26)
	at com.kms.katalon.core.webui.keyword.builtin.ClickKeyword$_click_closure1.doCall(ClickKeyword.groovy:67)
	at com.kms.katalon.core.webui.keyword.builtin.ClickKeyword$_click_closure1.call(ClickKeyword.groovy)
	at com.kms.katalon.core.webui.keyword.internal.WebUIKeywordMain.runKeyword(WebUIKeywordMain.groovy:20)
	... 19 more
"/>
         <system-out><![CDATA[2020-10-28 10:55:03 - [TEST_CASE][FAILED] - Test Cases/busqueda: Test Cases/busqueda FAILED.
Reason:
com.kms.katalon.core.exception.StepFailedException: Unable to click on object 'Object Repository/busqueda/Page_Search royal-canin  Petco Mexico/img_Califica este producto_lazy-grid img-re_ad3551'
	at com.kms.katalon.core.webui.keyword.internal.WebUIKeywordMain.stepFailed(WebUIKeywordMain.groovy:64)
	at com.kms.katalon.core.webui.keyword.internal.WebUIKeywordMain.runKeyword(WebUIKeywordMain.groovy:26)
	at com.kms.katalon.core.webui.keyword.builtin.ClickKeyword.click(ClickKeyword.groovy:76)
	at com.kms.katalon.core.webui.keyword.builtin.ClickKeyword.execute(ClickKeyword.groovy:43)
	at com.kms.katalon.core.keyword.internal.KeywordExecutor.executeKeywordForPlatform(KeywordExecutor.groovy:73)
	at com.kms.katalon.core.webui.keyword.WebUiBuiltInKeywords.click(WebUiBuiltInKeywords.groovy:617)
	at com.kms.katalon.core.webui.keyword.WebUiBuiltInKeywords$click$3.call(Unknown Source)
	at busqueda.run(busqueda:36)
	at com.kms.katalon.core.main.ScriptEngine.run(ScriptEngine.java:194)
	at com.kms.katalon.core.main.ScriptEngine.runScriptAsRawText(ScriptEngine.java:119)
	at com.kms.katalon.core.main.TestCaseExecutor.runScript(TestCaseExecutor.java:339)
	at com.kms.katalon.core.main.TestCaseExecutor.doExecute(TestCaseExecutor.java:330)
	at com.kms.katalon.core.main.TestCaseExecutor.processExecutionPhase(TestCaseExecutor.java:309)
	at com.kms.katalon.core.main.TestCaseExecutor.accessMainPhase(TestCaseExecutor.java:301)
	at com.kms.katalon.core.main.TestCaseExecutor.execute(TestCaseExecutor.java:235)
	at com.kms.katalon.core.main.TestSuiteExecutor.accessTestCaseMainPhase(TestSuiteExecutor.java:191)
	at com.kms.katalon.core.main.TestSuiteExecutor.accessTestSuiteMainPhase(TestSuiteExecutor.java:141)
	at com.kms.katalon.core.main.TestSuiteExecutor.execute(TestSuiteExecutor.java:90)
	at com.kms.katalon.core.main.TestCaseMain.startTestSuite(TestCaseMain.java:157)
	at com.kms.katalon.core.main.TestCaseMain$startTestSuite$0.call(Unknown Source)
	at TempTestSuite1603904102071.run(TempTestSuite1603904102071.groovy:39)
Caused by: com.kms.katalon.core.webui.exception.WebElementNotFoundException: Web element with id: 'Object Repository/busqueda/Page_Search royal-canin  Petco Mexico/img_Califica este producto_lazy-grid img-re_ad3551' located by '(//img[@alt='Royal Canin Maxi Dermacomfort    15.88 kg'])[3]' not found
	at com.kms.katalon.core.webui.common.WebUiCommonHelper.findWebElement(WebUiCommonHelper.java:1368)
	at com.kms.katalon.core.webui.keyword.internal.WebUIAbstractKeyword.findWebElement(WebUIAbstractKeyword.groovy:27)
	at com.kms.katalon.core.webui.keyword.internal.WebUIAbstractKeyword.findWebElement(WebUIAbstractKeyword.groovy:26)
	at com.kms.katalon.core.webui.keyword.builtin.ClickKeyword$_click_closure1.doCall(ClickKeyword.groovy:67)
	at com.kms.katalon.core.webui.keyword.builtin.ClickKeyword$_click_closure1.call(ClickKeyword.groovy)
	at com.kms.katalon.core.webui.keyword.internal.WebUIKeywordMain.runKeyword(WebUIKeywordMain.groovy:20)
	... 19 more


2020-10-28 10:55:04 - [TEST_STEP][PASSED] - openBrowser(""): Browser is opened with url: ''

2020-10-28 10:55:04 - [MESSAGE][INFO] - Starting 'Chrome (headless)' driver

2020-10-28 10:55:04 - [MESSAGE][INFO] - Action delay is set to 0 milliseconds

2020-10-28 10:55:05 - [MESSAGE][PASSED] - Browser is opened with url: ''

2020-10-28 10:55:05 - [TEST_STEP][PASSED] - navigateToUrl("https://ecqa.petco.com.mx/petco/en/login"): Navigate to 'https://ecqa.petco.com.mx/petco/en/login' successfully

2020-10-28 10:55:06 - [MESSAGE][PASSED] - Navigate to 'https://ecqa.petco.com.mx/petco/en/login' successfully

2020-10-28 10:55:06 - [TEST_STEP][PASSED] - setText(findTestObject("Object Repository/busqueda/Page_Ingresar  Petco Mexico/input_Direccin de Correo Electrnico_j_username"), "javierdumont@gmail.com"): Text 'javierdumont@gmail.com' is set on object 'Object Repository/busqueda/Page_Ingresar  Petco Mexico/input_Direccin de Correo Electrnico_j_username'

2020-10-28 10:55:06 - [MESSAGE][PASSED] - Text 'javierdumont@gmail.com' is set on object 'Object Repository/busqueda/Page_Ingresar  Petco Mexico/input_Direccin de Correo Electrnico_j_username'

2020-10-28 10:55:06 - [TEST_STEP][PASSED] - setEncryptedText(findTestObject("Object Repository/busqueda/Page_Ingresar  Petco Mexico/input_Contrasea_j_password"), "NlV8iAafsyYWagnpn4cCvQ=="): Text ****** has been set on object 'Object Repository/busqueda/Page_Ingresar  Petco Mexico/input_Contrasea_j_password'

2020-10-28 10:55:07 - [MESSAGE][PASSED] - Text ****** has been set on object 'Object Repository/busqueda/Page_Ingresar  Petco Mexico/input_Contrasea_j_password'

2020-10-28 10:55:07 - [TEST_STEP][PASSED] - click(findTestObject("Object Repository/busqueda/Page_Ingresar  Petco Mexico/button_Iniciar Sesin")): Object: 'Object Repository/busqueda/Page_Ingresar  Petco Mexico/button_Iniciar Sesin' is clicked on

2020-10-28 10:55:07 - [MESSAGE][PASSED] - Object: 'Object Repository/busqueda/Page_Ingresar  Petco Mexico/button_Iniciar Sesin' is clicked on

2020-10-28 10:55:07 - [TEST_STEP][PASSED] - setText(findTestObject("Object Repository/busqueda/Page_Petco Mexico  Petco Mxico/input_Royal Canin Maxi Dermacomfort 15.88 kg_text"), "royal-canin"): Text 'royal-canin' is set on object 'Object Repository/busqueda/Page_Petco Mexico  Petco Mxico/input_Royal Canin Maxi Dermacomfort 15.88 kg_text'

2020-10-28 10:55:08 - [MESSAGE][PASSED] - Text 'royal-canin' is set on object 'Object Repository/busqueda/Page_Petco Mexico  Petco Mxico/input_Royal Canin Maxi Dermacomfort 15.88 kg_text'

2020-10-28 10:55:08 - [TEST_STEP][PASSED] - click(findTestObject("Object Repository/busqueda/Page_Petco Mexico  Petco Mxico/span_Royal Canin Maxi Dermacomfort 15.88 kg_1c92bc")): Object: 'Object Repository/busqueda/Page_Petco Mexico  Petco Mxico/span_Royal Canin Maxi Dermacomfort 15.88 kg_1c92bc' is clicked on

2020-10-28 10:55:10 - [MESSAGE][PASSED] - Object: 'Object Repository/busqueda/Page_Petco Mexico  Petco Mxico/span_Royal Canin Maxi Dermacomfort 15.88 kg_1c92bc' is clicked on

2020-10-28 10:55:10 - [TEST_STEP][FAILED] - click(findTestObject("Object Repository/busqueda/Page_Search royal-canin  Petco Mexico/img_Califica este producto_lazy-grid img-re_ad3551")): Unable to click on object 'Object Repository/busqueda/Page_Search royal-canin  Petco Mexico/img_Califica este producto_lazy-grid img-re_ad3551' (Root cause: com.kms.katalon.core.exception.StepFailedException: Unable to click on object 'Object Repository/busqueda/Page_Search royal-canin  Petco Mexico/img_Califica este producto_lazy-grid img-re_ad3551'
	at com.kms.katalon.core.webui.keyword.internal.WebUIKeywordMain.stepFailed(WebUIKeywordMain.groovy:64)
	at com.kms.katalon.core.webui.keyword.internal.WebUIKeywordMain.runKeyword(WebUIKeywordMain.groovy:26)
	at com.kms.katalon.core.webui.keyword.builtin.ClickKeyword.click(ClickKeyword.groovy:76)
	at com.kms.katalon.core.webui.keyword.builtin.ClickKeyword.execute(ClickKeyword.groovy:43)
	at com.kms.katalon.core.keyword.internal.KeywordExecutor.executeKeywordForPlatform(KeywordExecutor.groovy:73)
	at com.kms.katalon.core.webui.keyword.WebUiBuiltInKeywords.click(WebUiBuiltInKeywords.groovy:617)
	at com.kms.katalon.core.webui.keyword.WebUiBuiltInKeywords$click$3.call(Unknown Source)
	at busqueda.run(busqueda:36)
	at com.kms.katalon.core.main.ScriptEngine.run(ScriptEngine.java:194)
	at com.kms.katalon.core.main.ScriptEngine.runScriptAsRawText(ScriptEngine.java:119)
	at com.kms.katalon.core.main.TestCaseExecutor.runScript(TestCaseExecutor.java:339)
	at com.kms.katalon.core.main.TestCaseExecutor.doExecute(TestCaseExecutor.java:330)
	at com.kms.katalon.core.main.TestCaseExecutor.processExecutionPhase(TestCaseExecutor.java:309)
	at com.kms.katalon.core.main.TestCaseExecutor.accessMainPhase(TestCaseExecutor.java:301)
	at com.kms.katalon.core.main.TestCaseExecutor.execute(TestCaseExecutor.java:235)
	at com.kms.katalon.core.main.TestSuiteExecutor.accessTestCaseMainPhase(TestSuiteExecutor.java:191)
	at com.kms.katalon.core.main.TestSuiteExecutor.accessTestSuiteMainPhase(TestSuiteExecutor.java:141)
	at com.kms.katalon.core.main.TestSuiteExecutor.execute(TestSuiteExecutor.java:90)
	at com.kms.katalon.core.main.TestCaseMain.startTestSuite(TestCaseMain.java:157)
	at com.kms.katalon.core.main.TestCaseMain$startTestSuite$0.call(Unknown Source)
	at TempTestSuite1603904102071.run(TempTestSuite1603904102071.groovy:39)
Caused by: com.kms.katalon.core.webui.exception.WebElementNotFoundException: Web element with id: 'Object Repository/busqueda/Page_Search royal-canin  Petco Mexico/img_Califica este producto_lazy-grid img-re_ad3551' located by '(//img[@alt='Royal Canin Maxi Dermacomfort    15.88 kg'])[3]' not found
	at com.kms.katalon.core.webui.common.WebUiCommonHelper.findWebElement(WebUiCommonHelper.java:1368)
	at com.kms.katalon.core.webui.keyword.internal.WebUIAbstractKeyword.findWebElement(WebUIAbstractKeyword.groovy:27)
	at com.kms.katalon.core.webui.keyword.internal.WebUIAbstractKeyword.findWebElement(WebUIAbstractKeyword.groovy:26)
	at com.kms.katalon.core.webui.keyword.builtin.ClickKeyword$_click_closure1.doCall(ClickKeyword.groovy:67)
	at com.kms.katalon.core.webui.keyword.builtin.ClickKeyword$_click_closure1.call(ClickKeyword.groovy)
	at com.kms.katalon.core.webui.keyword.internal.WebUIKeywordMain.runKeyword(WebUIKeywordMain.groovy:20)
	at com.kms.katalon.core.webui.keyword.builtin.ClickKeyword.click(ClickKeyword.groovy:76)
	at com.kms.katalon.core.webui.keyword.builtin.ClickKeyword.execute(ClickKeyword.groovy:43)
	at com.kms.katalon.core.keyword.internal.KeywordExecutor.executeKeywordForPlatform(KeywordExecutor.groovy:73)
	at com.kms.katalon.core.webui.keyword.WebUiBuiltInKeywords.click(WebUiBuiltInKeywords.groovy:617)
	at com.kms.katalon.core.webui.keyword.WebUiBuiltInKeywords$click$3.call(Unknown Source)
	at Script1603903933794.run(Script1603903933794.groovy:36)
	... 13 more
)

2020-10-28 10:55:41 - [MESSAGE][INFO] - Unable to find the element located by 'By.xpath: (//img[@alt='Royal Canin Maxi Dermacomfort    15.88 kg'])[3]'. Please recheck the objects properties to make sure the desired element is located. 

2020-10-28 10:55:41 - [MESSAGE][WARNING] - [SELF-HEALING] Failed to find element with id 'Object Repository/busqueda/Page_Search royal-canin  Petco Mexico/img_Califica este producto_lazy-grid img-re_ad3551'. Try using Self-healing.

2020-10-28 10:55:41 - [MESSAGE][INFO] - [SELF-HEALING] Failed Locator: '(//img[@alt='Royal Canin Maxi Dermacomfort    15.88 kg'])[3]'.

2020-10-28 10:55:41 - [MESSAGE][INFO] - [SELF-HEALING] Failed Locator: '//div[3]/div/div[2]/div/a/img'.

2020-10-28 10:55:41 - [MESSAGE][INFO] - [SELF-HEALING] Failed Locator: '(//img[@alt='Royal Canin Maxi Dermacomfort    15.88 kg'])[3]'.

2020-10-28 10:55:41 - [MESSAGE][INFO] - [SELF-HEALING] Failed Locator: '//div[3]/div/div[2]/div/a/img'.

2020-10-28 10:55:41 - [MESSAGE][INFO] - [SELF-HEALING] Failed Locator: '(//img[@alt='Royal Canin Maxi Dermacomfort    15.88 kg'])[3]'.

2020-10-28 10:55:41 - [MESSAGE][INFO] - [SELF-HEALING] Failed Locator: '//div[3]/div/div[2]/div/a/img'.

2020-10-28 10:55:41 - [MESSAGE][INFO] - [SELF-HEALING] Failed Locator: '(//img[@alt='Royal Canin Maxi Dermacomfort    15.88 kg'])[3]'.

2020-10-28 10:55:41 - [MESSAGE][INFO] - [SELF-HEALING] Failed Locator: '//div[3]/div/div[2]/div/a/img'.

2020-10-28 10:55:41 - [MESSAGE][INFO] - [SELF-HEALING] Failed Locator: '(//img[@alt='Royal Canin Maxi Dermacomfort    15.88 kg'])[3]'.

2020-10-28 10:55:41 - [MESSAGE][INFO] - [SELF-HEALING] Failed Locator: '//div[3]/div/div[2]/div/a/img'.

2020-10-28 10:55:41 - [MESSAGE][INFO] - [SELF-HEALING] Failed Locator: '(//img[@alt='Royal Canin Maxi Dermacomfort    15.88 kg'])[3]'.

2020-10-28 10:55:41 - [MESSAGE][INFO] - [SELF-HEALING] Failed Locator: '//div[3]/div/div[2]/div/a/img'.

2020-10-28 10:55:41 - [MESSAGE][INFO] - [SELF-HEALING] Failed Locator: '(//img[@alt='Royal Canin Maxi Dermacomfort    15.88 kg'])[3]'.

2020-10-28 10:55:41 - [MESSAGE][INFO] - [SELF-HEALING] Failed Locator: '//div[3]/div/div[2]/div/a/img'.

2020-10-28 10:55:41 - [MESSAGE][INFO] - [SELF-HEALING] Failed Locator: '(//img[@alt='Royal Canin Maxi Dermacomfort    15.88 kg'])[3]'.

2020-10-28 10:55:41 - [MESSAGE][INFO] - [SELF-HEALING] Failed Locator: '//div[3]/div/div[2]/div/a/img'.

2020-10-28 10:55:41 - [MESSAGE][INFO] - [SELF-HEALING] Failed Locator: '(//img[@alt='Royal Canin Maxi Dermacomfort    15.88 kg'])[3]'.

2020-10-28 10:55:41 - [MESSAGE][INFO] - [SELF-HEALING] Failed Locator: '//div[3]/div/div[2]/div/a/img'.

2020-10-28 10:55:41 - [MESSAGE][INFO] - [SELF-HEALING] Failed Locator: '(//img[@alt='Royal Canin Maxi Dermacomfort    15.88 kg'])[3]'.

2020-10-28 10:55:41 - [MESSAGE][INFO] - [SELF-HEALING] Failed Locator: '//div[3]/div/div[2]/div/a/img'.

2020-10-28 10:55:41 - [MESSAGE][INFO] - [SELF-HEALING] Failed Locator: '(//img[@alt='Royal Canin Maxi Dermacomfort    15.88 kg'])[3]'.

2020-10-28 10:55:41 - [MESSAGE][INFO] - [SELF-HEALING] Failed Locator: '//div[3]/div/div[2]/div/a/img'.

2020-10-28 10:55:41 - [MESSAGE][INFO] - [SELF-HEALING] Failed Locator: '(//img[@alt='Royal Canin Maxi Dermacomfort    15.88 kg'])[3]'.

2020-10-28 10:55:41 - [MESSAGE][INFO] - [SELF-HEALING] Failed Locator: '//div[3]/div/div[2]/div/a/img'.

2020-10-28 10:55:41 - [MESSAGE][INFO] - [SELF-HEALING] Failed Locator: '(//img[@alt='Royal Canin Maxi Dermacomfort    15.88 kg'])[3]'.

2020-10-28 10:55:41 - [MESSAGE][INFO] - [SELF-HEALING] Failed Locator: '//div[3]/div/div[2]/div/a/img'.

2020-10-28 10:55:41 - [MESSAGE][INFO] - [SELF-HEALING] Failed Locator: '(//img[@alt='Royal Canin Maxi Dermacomfort    15.88 kg'])[3]'.

2020-10-28 10:55:41 - [MESSAGE][INFO] - [SELF-HEALING] Failed Locator: '//div[3]/div/div[2]/div/a/img'.

2020-10-28 10:55:41 - [MESSAGE][INFO] - [SELF-HEALING] Failed Locator: '(//img[@alt='Royal Canin Maxi Dermacomfort    15.88 kg'])[3]'.

2020-10-28 10:55:41 - [MESSAGE][INFO] - [SELF-HEALING] Failed Locator: '//div[3]/div/div[2]/div/a/img'.

2020-10-28 10:55:41 - [MESSAGE][INFO] - [SELF-HEALING] Failed Locator: '(//img[@alt='Royal Canin Maxi Dermacomfort    15.88 kg'])[3]'.

2020-10-28 10:55:41 - [MESSAGE][INFO] - [SELF-HEALING] Failed Locator: '//div[3]/div/div[2]/div/a/img'.

2020-10-28 10:55:41 - [MESSAGE][INFO] - [SELF-HEALING] Failed Locator: '(//img[@alt='Royal Canin Maxi Dermacomfort    15.88 kg'])[3]'.

2020-10-28 10:55:41 - [MESSAGE][INFO] - [SELF-HEALING] Failed Locator: '//div[3]/div/div[2]/div/a/img'.

2020-10-28 10:55:41 - [MESSAGE][INFO] - [SELF-HEALING] Failed Locator: '(//img[@alt='Royal Canin Maxi Dermacomfort    15.88 kg'])[3]'.

2020-10-28 10:55:41 - [MESSAGE][INFO] - [SELF-HEALING] Failed Locator: '//div[3]/div/div[2]/div/a/img'.

2020-10-28 10:55:41 - [MESSAGE][INFO] - [SELF-HEALING] Failed Locator: '(//img[@alt='Royal Canin Maxi Dermacomfort    15.88 kg'])[3]'.

2020-10-28 10:55:41 - [MESSAGE][INFO] - [SELF-HEALING] Failed Locator: '//div[3]/div/div[2]/div/a/img'.

2020-10-28 10:55:41 - [MESSAGE][INFO] - [SELF-HEALING] Failed Locator: '(//img[@alt='Royal Canin Maxi Dermacomfort    15.88 kg'])[3]'.

2020-10-28 10:55:42 - [MESSAGE][INFO] - [SELF-HEALING] Failed Locator: '//div[3]/div/div[2]/div/a/img'.

2020-10-28 10:55:42 - [MESSAGE][INFO] - [SELF-HEALING] Failed Locator: '(//img[@alt='Royal Canin Maxi Dermacomfort    15.88 kg'])[3]'.

2020-10-28 10:55:42 - [MESSAGE][INFO] - [SELF-HEALING] Failed Locator: '//div[3]/div/div[2]/div/a/img'.

2020-10-28 10:55:42 - [MESSAGE][INFO] - [SELF-HEALING] Failed Locator: '(//img[@alt='Royal Canin Maxi Dermacomfort    15.88 kg'])[3]'.

2020-10-28 10:55:42 - [MESSAGE][INFO] - [SELF-HEALING] Failed Locator: '//div[3]/div/div[2]/div/a/img'.

2020-10-28 10:55:42 - [MESSAGE][INFO] - [SELF-HEALING] Failed Locator: '(//img[@alt='Royal Canin Maxi Dermacomfort    15.88 kg'])[3]'.

2020-10-28 10:55:42 - [MESSAGE][INFO] - [SELF-HEALING] Failed Locator: '//div[3]/div/div[2]/div/a/img'.

2020-10-28 10:55:42 - [MESSAGE][INFO] - [SELF-HEALING] Failed Locator: '(//img[@alt='Royal Canin Maxi Dermacomfort    15.88 kg'])[3]'.

2020-10-28 10:55:42 - [MESSAGE][INFO] - [SELF-HEALING] Failed Locator: '//div[3]/div/div[2]/div/a/img'.

2020-10-28 10:55:42 - [MESSAGE][INFO] - [SELF-HEALING] Failed Locator: '(//img[@alt='Royal Canin Maxi Dermacomfort    15.88 kg'])[3]'.

2020-10-28 10:55:42 - [MESSAGE][INFO] - [SELF-HEALING] Failed Locator: '//div[3]/div/div[2]/div/a/img'.

2020-10-28 10:55:42 - [MESSAGE][INFO] - [SELF-HEALING] Failed Locator: '(//img[@alt='Royal Canin Maxi Dermacomfort    15.88 kg'])[3]'.

2020-10-28 10:55:42 - [MESSAGE][INFO] - [SELF-HEALING] Failed Locator: '//div[3]/div/div[2]/div/a/img'.

2020-10-28 10:55:42 - [MESSAGE][INFO] - [SELF-HEALING] Failed Locator: '(//img[@alt='Royal Canin Maxi Dermacomfort    15.88 kg'])[3]'.

2020-10-28 10:55:42 - [MESSAGE][INFO] - [SELF-HEALING] Failed Locator: '//div[3]/div/div[2]/div/a/img'.

2020-10-28 10:55:42 - [MESSAGE][INFO] - [SELF-HEALING] Failed Locator: '(//img[@alt='Royal Canin Maxi Dermacomfort    15.88 kg'])[3]'.

2020-10-28 10:55:42 - [MESSAGE][INFO] - [SELF-HEALING] Failed Locator: '//div[3]/div/div[2]/div/a/img'.

2020-10-28 10:55:42 - [MESSAGE][INFO] - [SELF-HEALING] Failed Locator: '(//img[@alt='Royal Canin Maxi Dermacomfort    15.88 kg'])[3]'.

2020-10-28 10:55:42 - [MESSAGE][INFO] - [SELF-HEALING] Failed Locator: '//div[3]/div/div[2]/div/a/img'.

2020-10-28 10:55:42 - [MESSAGE][INFO] - [SELF-HEALING] Failed Locator: '(//img[@alt='Royal Canin Maxi Dermacomfort    15.88 kg'])[3]'.

2020-10-28 10:55:42 - [MESSAGE][INFO] - [SELF-HEALING] Failed Locator: '//div[3]/div/div[2]/div/a/img'.

2020-10-28 10:55:42 - [MESSAGE][INFO] - [SELF-HEALING] Failed Locator: '(//img[@alt='Royal Canin Maxi Dermacomfort    15.88 kg'])[3]'.

2020-10-28 10:55:42 - [MESSAGE][INFO] - [SELF-HEALING] Failed Locator: '//div[3]/div/div[2]/div/a/img'.

2020-10-28 10:55:42 - [MESSAGE][INFO] - [SELF-HEALING] Failed Locator: '(//img[@alt='Royal Canin Maxi Dermacomfort    15.88 kg'])[3]'.

2020-10-28 10:55:42 - [MESSAGE][INFO] - [SELF-HEALING] Failed Locator: '//div[3]/div/div[2]/div/a/img'.

2020-10-28 10:55:42 - [MESSAGE][INFO] - [SELF-HEALING] Failed Locator: '(//img[@alt='Royal Canin Maxi Dermacomfort    15.88 kg'])[3]'.

2020-10-28 10:55:42 - [MESSAGE][INFO] - [SELF-HEALING] Failed Locator: '//div[3]/div/div[2]/div/a/img'.

2020-10-28 10:55:42 - [MESSAGE][ERROR] - [SELF-HEALING] Cannot save screenshot to: /home/javier/git/pruebaconcepto/Reports/Self-healing, reason: unknown error: unhandled inspector error: {"code":-32000,"message":"Cannot take screenshot with 0 width."}
  (Session info: headless chrome=85.0.4183.83)
Build info: version: '3.141.59', revision: 'e82be7d358', time: '2018-11-14T08:25:53'
System info: host: 'debian', ip: '127.0.1.1', os.name: 'Linux', os.arch: 'amd64', os.version: '4.19.0-10-amd64', java.version: '1.8.0_265'
Driver info: com.kms.katalon.selenium.driver.CChromeDriver
Capabilities {acceptInsecureCerts: false, browserName: chrome, browserVersion: 85.0.4183.83, chrome: {chromedriverVersion: 85.0.4183.87 (cd6713ebf92fa..., userDataDir: /tmp/.com.google.Chrome.XsZv53}, goog:chromeOptions: {debuggerAddress: localhost:43575}, javascriptEnabled: true, networkConnectionEnabled: false, pageLoadStrategy: normal, platform: LINUX, platformName: LINUX, proxy: Proxy(), setWindowRect: true, strictFileInteractability: false, timeouts: {implicit: 0, pageLoad: 300000, script: 30000}, unhandledPromptBehavior: dismiss and notify, webauthn:virtualAuthenticators: true}
Session ID: fffcef3a1b93ddb0b02fd8d4a6c6cf57.

2020-10-28 10:55:42 - [MESSAGE][WARNING] - [SELF-HEALING] 'other' is different type of Path

2020-10-28 10:55:43 - [MESSAGE][INFO] - Unable to find the element located by 'By.cssSelector: img.lazy-grid.img-responsive.center-block.prod-item-n2'. Please recheck the objects properties to make sure the desired element is located. 

2020-10-28 10:55:43 - [MESSAGE][FAILED] - Unable to click on object 'Object Repository/busqueda/Page_Search royal-canin  Petco Mexico/img_Califica este producto_lazy-grid img-re_ad3551' (Root cause: com.kms.katalon.core.exception.StepFailedException: Unable to click on object 'Object Repository/busqueda/Page_Search royal-canin  Petco Mexico/img_Califica este producto_lazy-grid img-re_ad3551'
	at com.kms.katalon.core.webui.keyword.internal.WebUIKeywordMain.stepFailed(WebUIKeywordMain.groovy:64)
	at com.kms.katalon.core.webui.keyword.internal.WebUIKeywordMain.runKeyword(WebUIKeywordMain.groovy:26)
	at com.kms.katalon.core.webui.keyword.builtin.ClickKeyword.click(ClickKeyword.groovy:76)
	at com.kms.katalon.core.webui.keyword.builtin.ClickKeyword.execute(ClickKeyword.groovy:43)
	at com.kms.katalon.core.keyword.internal.KeywordExecutor.executeKeywordForPlatform(KeywordExecutor.groovy:73)
	at com.kms.katalon.core.webui.keyword.WebUiBuiltInKeywords.click(WebUiBuiltInKeywords.groovy:617)
	at com.kms.katalon.core.webui.keyword.WebUiBuiltInKeywords$click$3.call(Unknown Source)
	at busqueda.run(busqueda:36)
	at com.kms.katalon.core.main.ScriptEngine.run(ScriptEngine.java:194)
	at com.kms.katalon.core.main.ScriptEngine.runScriptAsRawText(ScriptEngine.java:119)
	at com.kms.katalon.core.main.TestCaseExecutor.runScript(TestCaseExecutor.java:339)
	at com.kms.katalon.core.main.TestCaseExecutor.doExecute(TestCaseExecutor.java:330)
	at com.kms.katalon.core.main.TestCaseExecutor.processExecutionPhase(TestCaseExecutor.java:309)
	at com.kms.katalon.core.main.TestCaseExecutor.accessMainPhase(TestCaseExecutor.java:301)
	at com.kms.katalon.core.main.TestCaseExecutor.execute(TestCaseExecutor.java:235)
	at com.kms.katalon.core.main.TestSuiteExecutor.accessTestCaseMainPhase(TestSuiteExecutor.java:191)
	at com.kms.katalon.core.main.TestSuiteExecutor.accessTestSuiteMainPhase(TestSuiteExecutor.java:141)
	at com.kms.katalon.core.main.TestSuiteExecutor.execute(TestSuiteExecutor.java:90)
	at com.kms.katalon.core.main.TestCaseMain.startTestSuite(TestCaseMain.java:157)
	at com.kms.katalon.core.main.TestCaseMain$startTestSuite$0.call(Unknown Source)
	at TempTestSuite1603904102071.run(TempTestSuite1603904102071.groovy:39)
Caused by: com.kms.katalon.core.webui.exception.WebElementNotFoundException: Web element with id: 'Object Repository/busqueda/Page_Search royal-canin  Petco Mexico/img_Califica este producto_lazy-grid img-re_ad3551' located by '(//img[@alt='Royal Canin Maxi Dermacomfort    15.88 kg'])[3]' not found
	at com.kms.katalon.core.webui.common.WebUiCommonHelper.findWebElement(WebUiCommonHelper.java:1368)
	at com.kms.katalon.core.webui.keyword.internal.WebUIAbstractKeyword.findWebElement(WebUIAbstractKeyword.groovy:27)
	at com.kms.katalon.core.webui.keyword.internal.WebUIAbstractKeyword.findWebElement(WebUIAbstractKeyword.groovy:26)
	at com.kms.katalon.core.webui.keyword.builtin.ClickKeyword$_click_closure1.doCall(ClickKeyword.groovy:67)
	at com.kms.katalon.core.webui.keyword.builtin.ClickKeyword$_click_closure1.call(ClickKeyword.groovy)
	at com.kms.katalon.core.webui.keyword.internal.WebUIKeywordMain.runKeyword(WebUIKeywordMain.groovy:20)
	at com.kms.katalon.core.webui.keyword.builtin.ClickKeyword.click(ClickKeyword.groovy:76)
	at com.kms.katalon.core.webui.keyword.builtin.ClickKeyword.execute(ClickKeyword.groovy:43)
	at com.kms.katalon.core.keyword.internal.KeywordExecutor.executeKeywordForPlatform(KeywordExecutor.groovy:73)
	at com.kms.katalon.core.webui.keyword.WebUiBuiltInKeywords.click(WebUiBuiltInKeywords.groovy:617)
	at com.kms.katalon.core.webui.keyword.WebUiBuiltInKeywords$click$3.call(Unknown Source)
	at Script1603903933794.run(Script1603903933794.groovy:36)
	... 13 more
)
[[ATTACHMENT|/home/javier/git/pruebaconcepto/Reports/20201028_105502/busqueda/20201028_105502/1603904143467.png]]]]></system-out>
         <system-err><![CDATA[2020-10-28 10:55:03 - [TEST_CASE][FAILED] - Test Cases/busqueda: Test Cases/busqueda FAILED.
Reason:
com.kms.katalon.core.exception.StepFailedException: Unable to click on object 'Object Repository/busqueda/Page_Search royal-canin  Petco Mexico/img_Califica este producto_lazy-grid img-re_ad3551'
	at com.kms.katalon.core.webui.keyword.internal.WebUIKeywordMain.stepFailed(WebUIKeywordMain.groovy:64)
	at com.kms.katalon.core.webui.keyword.internal.WebUIKeywordMain.runKeyword(WebUIKeywordMain.groovy:26)
	at com.kms.katalon.core.webui.keyword.builtin.ClickKeyword.click(ClickKeyword.groovy:76)
	at com.kms.katalon.core.webui.keyword.builtin.ClickKeyword.execute(ClickKeyword.groovy:43)
	at com.kms.katalon.core.keyword.internal.KeywordExecutor.executeKeywordForPlatform(KeywordExecutor.groovy:73)
	at com.kms.katalon.core.webui.keyword.WebUiBuiltInKeywords.click(WebUiBuiltInKeywords.groovy:617)
	at com.kms.katalon.core.webui.keyword.WebUiBuiltInKeywords$click$3.call(Unknown Source)
	at busqueda.run(busqueda:36)
	at com.kms.katalon.core.main.ScriptEngine.run(ScriptEngine.java:194)
	at com.kms.katalon.core.main.ScriptEngine.runScriptAsRawText(ScriptEngine.java:119)
	at com.kms.katalon.core.main.TestCaseExecutor.runScript(TestCaseExecutor.java:339)
	at com.kms.katalon.core.main.TestCaseExecutor.doExecute(TestCaseExecutor.java:330)
	at com.kms.katalon.core.main.TestCaseExecutor.processExecutionPhase(TestCaseExecutor.java:309)
	at com.kms.katalon.core.main.TestCaseExecutor.accessMainPhase(TestCaseExecutor.java:301)
	at com.kms.katalon.core.main.TestCaseExecutor.execute(TestCaseExecutor.java:235)
	at com.kms.katalon.core.main.TestSuiteExecutor.accessTestCaseMainPhase(TestSuiteExecutor.java:191)
	at com.kms.katalon.core.main.TestSuiteExecutor.accessTestSuiteMainPhase(TestSuiteExecutor.java:141)
	at com.kms.katalon.core.main.TestSuiteExecutor.execute(TestSuiteExecutor.java:90)
	at com.kms.katalon.core.main.TestCaseMain.startTestSuite(TestCaseMain.java:157)
	at com.kms.katalon.core.main.TestCaseMain$startTestSuite$0.call(Unknown Source)
	at TempTestSuite1603904102071.run(TempTestSuite1603904102071.groovy:39)
Caused by: com.kms.katalon.core.webui.exception.WebElementNotFoundException: Web element with id: 'Object Repository/busqueda/Page_Search royal-canin  Petco Mexico/img_Califica este producto_lazy-grid img-re_ad3551' located by '(//img[@alt='Royal Canin Maxi Dermacomfort    15.88 kg'])[3]' not found
	at com.kms.katalon.core.webui.common.WebUiCommonHelper.findWebElement(WebUiCommonHelper.java:1368)
	at com.kms.katalon.core.webui.keyword.internal.WebUIAbstractKeyword.findWebElement(WebUIAbstractKeyword.groovy:27)
	at com.kms.katalon.core.webui.keyword.internal.WebUIAbstractKeyword.findWebElement(WebUIAbstractKeyword.groovy:26)
	at com.kms.katalon.core.webui.keyword.builtin.ClickKeyword$_click_closure1.doCall(ClickKeyword.groovy:67)
	at com.kms.katalon.core.webui.keyword.builtin.ClickKeyword$_click_closure1.call(ClickKeyword.groovy)
	at com.kms.katalon.core.webui.keyword.internal.WebUIKeywordMain.runKeyword(WebUIKeywordMain.groovy:20)
	... 19 more]]></system-err>
      </testcase>
      <system-out><![CDATA[2020-10-28 10:55:03 - [TEST_SUITE][FAILED] - busqueda: Test Cases/busqueda FAILED.
Reason:
com.kms.katalon.core.exception.StepFailedException: Unable to click on object 'Object Repository/busqueda/Page_Search royal-canin  Petco Mexico/img_Califica este producto_lazy-grid img-re_ad3551'
	at com.kms.katalon.core.webui.keyword.internal.WebUIKeywordMain.stepFailed(WebUIKeywordMain.groovy:64)
	at com.kms.katalon.core.webui.keyword.internal.WebUIKeywordMain.runKeyword(WebUIKeywordMain.groovy:26)
	at com.kms.katalon.core.webui.keyword.builtin.ClickKeyword.click(ClickKeyword.groovy:76)
	at com.kms.katalon.core.webui.keyword.builtin.ClickKeyword.execute(ClickKeyword.groovy:43)
	at com.kms.katalon.core.keyword.internal.KeywordExecutor.executeKeywordForPlatform(KeywordExecutor.groovy:73)
	at com.kms.katalon.core.webui.keyword.WebUiBuiltInKeywords.click(WebUiBuiltInKeywords.groovy:617)
	at com.kms.katalon.core.webui.keyword.WebUiBuiltInKeywords$click$3.call(Unknown Source)
	at busqueda.run(busqueda:36)
	at com.kms.katalon.core.main.ScriptEngine.run(ScriptEngine.java:194)
	at com.kms.katalon.core.main.ScriptEngine.runScriptAsRawText(ScriptEngine.java:119)
	at com.kms.katalon.core.main.TestCaseExecutor.runScript(TestCaseExecutor.java:339)
	at com.kms.katalon.core.main.TestCaseExecutor.doExecute(TestCaseExecutor.java:330)
	at com.kms.katalon.core.main.TestCaseExecutor.processExecutionPhase(TestCaseExecutor.java:309)
	at com.kms.katalon.core.main.TestCaseExecutor.accessMainPhase(TestCaseExecutor.java:301)
	at com.kms.katalon.core.main.TestCaseExecutor.execute(TestCaseExecutor.java:235)
	at com.kms.katalon.core.main.TestSuiteExecutor.accessTestCaseMainPhase(TestSuiteExecutor.java:191)
	at com.kms.katalon.core.main.TestSuiteExecutor.accessTestSuiteMainPhase(TestSuiteExecutor.java:141)
	at com.kms.katalon.core.main.TestSuiteExecutor.execute(TestSuiteExecutor.java:90)
	at com.kms.katalon.core.main.TestCaseMain.startTestSuite(TestCaseMain.java:157)
	at com.kms.katalon.core.main.TestCaseMain$startTestSuite$0.call(Unknown Source)
	at TempTestSuite1603904102071.run(TempTestSuite1603904102071.groovy:39)
Caused by: com.kms.katalon.core.webui.exception.WebElementNotFoundException: Web element with id: 'Object Repository/busqueda/Page_Search royal-canin  Petco Mexico/img_Califica este producto_lazy-grid img-re_ad3551' located by '(//img[@alt='Royal Canin Maxi Dermacomfort    15.88 kg'])[3]' not found
	at com.kms.katalon.core.webui.common.WebUiCommonHelper.findWebElement(WebUiCommonHelper.java:1368)
	at com.kms.katalon.core.webui.keyword.internal.WebUIAbstractKeyword.findWebElement(WebUIAbstractKeyword.groovy:27)
	at com.kms.katalon.core.webui.keyword.internal.WebUIAbstractKeyword.findWebElement(WebUIAbstractKeyword.groovy:26)
	at com.kms.katalon.core.webui.keyword.builtin.ClickKeyword$_click_closure1.doCall(ClickKeyword.groovy:67)
	at com.kms.katalon.core.webui.keyword.builtin.ClickKeyword$_click_closure1.call(ClickKeyword.groovy)
	at com.kms.katalon.core.webui.keyword.internal.WebUIKeywordMain.runKeyword(WebUIKeywordMain.groovy:20)
	... 19 more]]></system-out>
      <system-err><![CDATA[2020-10-28 10:55:03 - [TEST_SUITE][FAILED] - busqueda: Test Cases/busqueda FAILED.
Reason:
com.kms.katalon.core.exception.StepFailedException: Unable to click on object 'Object Repository/busqueda/Page_Search royal-canin  Petco Mexico/img_Califica este producto_lazy-grid img-re_ad3551'
	at com.kms.katalon.core.webui.keyword.internal.WebUIKeywordMain.stepFailed(WebUIKeywordMain.groovy:64)
	at com.kms.katalon.core.webui.keyword.internal.WebUIKeywordMain.runKeyword(WebUIKeywordMain.groovy:26)
	at com.kms.katalon.core.webui.keyword.builtin.ClickKeyword.click(ClickKeyword.groovy:76)
	at com.kms.katalon.core.webui.keyword.builtin.ClickKeyword.execute(ClickKeyword.groovy:43)
	at com.kms.katalon.core.keyword.internal.KeywordExecutor.executeKeywordForPlatform(KeywordExecutor.groovy:73)
	at com.kms.katalon.core.webui.keyword.WebUiBuiltInKeywords.click(WebUiBuiltInKeywords.groovy:617)
	at com.kms.katalon.core.webui.keyword.WebUiBuiltInKeywords$click$3.call(Unknown Source)
	at busqueda.run(busqueda:36)
	at com.kms.katalon.core.main.ScriptEngine.run(ScriptEngine.java:194)
	at com.kms.katalon.core.main.ScriptEngine.runScriptAsRawText(ScriptEngine.java:119)
	at com.kms.katalon.core.main.TestCaseExecutor.runScript(TestCaseExecutor.java:339)
	at com.kms.katalon.core.main.TestCaseExecutor.doExecute(TestCaseExecutor.java:330)
	at com.kms.katalon.core.main.TestCaseExecutor.processExecutionPhase(TestCaseExecutor.java:309)
	at com.kms.katalon.core.main.TestCaseExecutor.accessMainPhase(TestCaseExecutor.java:301)
	at com.kms.katalon.core.main.TestCaseExecutor.execute(TestCaseExecutor.java:235)
	at com.kms.katalon.core.main.TestSuiteExecutor.accessTestCaseMainPhase(TestSuiteExecutor.java:191)
	at com.kms.katalon.core.main.TestSuiteExecutor.accessTestSuiteMainPhase(TestSuiteExecutor.java:141)
	at com.kms.katalon.core.main.TestSuiteExecutor.execute(TestSuiteExecutor.java:90)
	at com.kms.katalon.core.main.TestCaseMain.startTestSuite(TestCaseMain.java:157)
	at com.kms.katalon.core.main.TestCaseMain$startTestSuite$0.call(Unknown Source)
	at TempTestSuite1603904102071.run(TempTestSuite1603904102071.groovy:39)
Caused by: com.kms.katalon.core.webui.exception.WebElementNotFoundException: Web element with id: 'Object Repository/busqueda/Page_Search royal-canin  Petco Mexico/img_Califica este producto_lazy-grid img-re_ad3551' located by '(//img[@alt='Royal Canin Maxi Dermacomfort    15.88 kg'])[3]' not found
	at com.kms.katalon.core.webui.common.WebUiCommonHelper.findWebElement(WebUiCommonHelper.java:1368)
	at com.kms.katalon.core.webui.keyword.internal.WebUIAbstractKeyword.findWebElement(WebUIAbstractKeyword.groovy:27)
	at com.kms.katalon.core.webui.keyword.internal.WebUIAbstractKeyword.findWebElement(WebUIAbstractKeyword.groovy:26)
	at com.kms.katalon.core.webui.keyword.builtin.ClickKeyword$_click_closure1.doCall(ClickKeyword.groovy:67)
	at com.kms.katalon.core.webui.keyword.builtin.ClickKeyword$_click_closure1.call(ClickKeyword.groovy)
	at com.kms.katalon.core.webui.keyword.internal.WebUIKeywordMain.runKeyword(WebUIKeywordMain.groovy:20)
	... 19 more]]></system-err>
   </testsuite>
</testsuites>
